<?xml version="1.0" encoding="UTF-8"?>
<!-- Generated by org.testng.reporters.JUnitReportReporter -->
<testsuite hostname="DESKTOP-RM1GTDF" failures="0" tests="1" name="MyTestCases" time="24.102" errors="0" timestamp="2024-11-15T14:36:40 EET" skipped="0">
  <testcase classname="MyTestCases" name="myFirstTest" time="24.102"/>
  <system-out/>
</testsuite> <!-- MyTestCases -->
